{
  "RSpec": {
    "coverage": {
      "/Users/Adam/Projects/New_BNB_Project/makersbnb/spec/features/add_listing_spec.rb": {
        "lines": [
          null,
          null,
          1,
          null,
          1,
          1,
          1,
          1,
          1,
          1,
          null,
          1,
          1,
          null,
          null
        ]
      },
      "/Users/Adam/Projects/New_BNB_Project/makersbnb/spec/features/sign_up_helper.rb": {
        "lines": [
          null,
          null,
          1,
          2,
          2,
          2,
          2,
          2,
          2,
          2,
          null
        ]
      },
      "/Users/Adam/Projects/New_BNB_Project/makersbnb/spec/features/authentication_spec.rb": {
        "lines": [
          1,
          1,
          1,
          null,
          1,
          1,
          1,
          1,
          1,
          null,
          null,
          1,
          1,
          null,
          1,
          1,
          1,
          1,
          1,
          null,
          1,
          null,
          1,
          null,
          null
        ]
      },
      "/Users/Adam/Projects/New_BNB_Project/makersbnb/spec/features/book_space_spec.rb": {
        "lines": [
          null,
          null,
          1,
          null,
          1,
          1,
          1,
          0,
          0,
          0,
          null,
          0,
          0,
          0,
          null,
          null,
          null,
          0,
          0,
          0,
          null,
          0,
          null,
          null,
          1,
          1,
          0,
          0,
          0,
          0,
          null,
          0,
          null,
          null,
          null
        ]
      },
      "/Users/Adam/Projects/New_BNB_Project/makersbnb/spec/features/browse_listings_spec.rb": {
        "lines": [
          null,
          null,
          1,
          1,
          1,
          0,
          0,
          null,
          0,
          null,
          0,
          0,
          0,
          null,
          null
        ]
      },
      "/Users/Adam/Projects/New_BNB_Project/makersbnb/spec/features/sign_up_spec.rb": {
        "lines": [
          null,
          null,
          1,
          null,
          1,
          1,
          1,
          1,
          1,
          null,
          null
        ]
      },
      "/Users/Adam/Projects/New_BNB_Project/makersbnb/spec/units/listing_spec.rb": {
        "lines": [
          null,
          null,
          1,
          null,
          1,
          1,
          1,
          1,
          null,
          1,
          1,
          1,
          1,
          1,
          null,
          null,
          null,
          1,
          1,
          1,
          1,
          null,
          1,
          null,
          1,
          1,
          1,
          1,
          1,
          1,
          null,
          null,
          null,
          1,
          1,
          1,
          1,
          1,
          1,
          null,
          null,
          null,
          null
        ]
      },
      "/Users/Adam/Projects/New_BNB_Project/makersbnb/spec/units/user_spec.rb": {
        "lines": [
          1,
          null,
          1,
          null,
          1,
          1,
          1,
          1,
          1,
          1,
          null,
          null,
          1,
          2,
          null,
          null,
          1,
          1,
          null,
          1,
          1,
          1,
          null,
          null,
          null,
          1,
          1,
          1,
          1,
          1,
          1,
          null,
          null,
          null,
          1,
          1,
          1,
          1,
          null,
          1,
          null,
          1,
          1,
          1,
          null,
          null,
          null,
          null,
          null,
          null,
          null,
          1,
          1,
          1,
          1,
          null,
          1,
          null,
          null,
          null,
          null
        ]
      }
    },
    "timestamp": 1614950858
  }
}
